Dato = 31.10.07
08:23:16: Program terminated: 31.10.07

Dato = 31.10.07
08:27:15: SMTP Connected: MAEVS01
Dato = 31.10.07
08:27:15: File  sent to atle.markeng@nrk.no
Dato = 31.10.07
08:27:15: SMTP DisConnect: MAEVS01
Dato = 31.10.07
08:27:15: Copied: C:\XNRK\xmail\ut\MAR_12285_240907-211007.pdf to C:\XNRK\XMAIL\Done\MAR_12285_240907-211007.pdf
Dato = 31.10.07
08:27:15: Moved: C:\XNRK\xmail\ut\MAR_12285_240907-211007.pdf to C:\XNRK\XMAIL\Done\MAR_12285_240907-211007.pdf
Dato = 31.10.07
08:27:15: SMTP Connected: MAEVS01
Dato = 31.10.07
08:27:15: File  sent to atle.markeng@nrk.no
Dato = 31.10.07
08:27:15: SMTP DisConnect: MAEVS01
Dato = 31.10.07
08:27:15: Copied: C:\XNRK\xmail\ut\MAR_12285_test.pdf to C:\XNRK\XMAIL\Done\MAR_12285_test.pdf
Dato = 31.10.07
08:27:15: Moved: C:\XNRK\xmail\ut\MAR_12285_test.pdf to C:\XNRK\XMAIL\Done\MAR_12285_test.pdf
Dato = 31.10.07
08:33:56: SMTP Connected: MAEVS01
Dato = 31.10.07
08:33:56: File  sent to atle.markeng@nrk.no
Dato = 31.10.07
08:33:56: SMTP DisConnect: MAEVS01
Dato = 31.10.07
08:34:07: Program terminated: 31.10.07

